<?xml version="1.0"?>
<testsuites>
  <testsuite name="PhantomJS 1.9.7 (Linux)" package="" timestamp="2014-08-29T07:06:24" id="0" hostname="dpcl079.ac.aixigo.de" tests="1" errors="0" failures="0" time="0.017">
    <properties>
      <property name="browser.fullName" value="Mozilla/5.0 (Unknown; Linux x86_64) AppleWebKit/534.34 (KHTML, like Gecko) PhantomJS/1.9.7 Safari/534.34"/>
    </properties>
    <testcase name="still needs some tests." time="0.017" classname="PhantomJS 1.9.7 (Linux).A TestWidget"/>
    <system-out><![CDATA[PhantomJS 1.9.7 (Linux) WARN: '[Q] Unhandled rejection reasons (should be empty):', ['(no stack) Not Found']
,PhantomJS 1.9.7 (Linux) ERROR: 'There was an error resolving widget for module widgets.default.test_widget'
,PhantomJS 1.9.7 (Linux) ERROR: 'Not Found'

]]></system-out>
    <system-err/>
  </testsuite>
</testsuites>
